<?xml version="1.0" encoding="UTF-8"?>
<!-- Generated by org.testng.reporters.JUnitReportReporter -->
<testsuite hostname="ThinkPad-X1Nano" failures="0" tests="1" name="tests.PracticeFormTest" time="16.978" errors="0" timestamp="2025-06-05T21:00:14 ICT" skipped="0">
  <testcase classname="tests.PracticeFormTest" name="submitDataSuccessfully" time="16.978"/>
  <system-out/>
</testsuite> <!-- tests.PracticeFormTest -->
