<?xml version="1.0" encoding="UTF-8"?>
<!-- Generated by org.testng.reporters.JUnitReportReporter -->
<testsuite hostname="ThinkPad-X1Nano" failures="0" tests="1" name="tests.PracticeFormTest" time="13.805" errors="0" timestamp="2025-06-01T21:05:46 ICT" skipped="0">
  <testcase classname="tests.PracticeFormTest" name="submitDataSuccessfully" time="13.805"/>
  <system-out/>
</testsuite> <!-- tests.PracticeFormTest -->
