<?xml version="1.0" encoding="UTF-8"?>
<!-- Generated by org.testng.reporters.JUnitReportReporter -->
<testsuite hostname="ThinkPad-X1Nano" failures="0" tests="1" name="tests.TextBoxTest" time="5.510" errors="0" timestamp="2025-04-19T11:16:51 ICT" skipped="0">
  <testcase classname="tests.TextBoxTest" name="submitSuccessfully" time="5.510"/>
  <system-out/>
</testsuite> <!-- tests.TextBoxTest -->
