<?xml version="1.0" encoding="UTF-8"?>
<!-- Generated by org.testng.reporters.JUnitReportReporter -->
<testsuite hostname="ThinkPad-X1Nano" failures="0" tests="1" name="tests.PracticeFormTest" time="18.231" errors="0" timestamp="2025-06-01T22:09:27 ICT" skipped="0">
  <testcase classname="tests.PracticeFormTest" name="submitDataSuccessfully" time="18.231"/>
  <system-out/>
</testsuite> <!-- tests.PracticeFormTest -->
